<?xml version="1.0" encoding="UTF-8"?>
<!-- Generated by org.testng.reporters.JUnitReportReporter -->
<testsuite hostname="LAPTOP-TO2ES5BG" name="com.rutu.yash.NewTest" tests="1" failures="0" timestamp="7 Oct 2018 21:41:16 GMT" time="22.829" errors="0">
  <testcase name="SelectClass" time="22.829" classname="com.rutu.yash.NewTest"/>
</testsuite> <!-- com.rutu.yash.NewTest -->
